This is pdfTeX, Version 3.141592653-2.6-1.40.22 (TeX Live 2022/dev/Debian) (preloaded format=pdflatex 2025.1.16)  24 APR 2025 20:49
entering extended mode
 restricted \write18 enabled.
 %&-line parsing enabled.
**refman
(./refman.tex
LaTeX2e <2021-11-15> patch level 1
L3 programming layer <2022-01-21>
(/usr/share/texlive/texmf-dist/tex/generic/iftex/iftex.sty
Package: iftex 2020/03/06 v1.0d TeX engine tests
)
(/usr/share/texlive/texmf-dist/tex/latex/base/book.cls
Document Class: book 2021/10/04 v1.4n Standard LaTeX document class
(/usr/share/texlive/texmf-dist/tex/latex/base/bk10.clo
File: bk10.clo 2021/10/04 v1.4n Standard LaTeX file (size option)
)
\c@part=\count185
\c@chapter=\count186
\c@section=\count187
\c@subsection=\count188
\c@subsubsection=\count189
\c@paragraph=\count190
\c@subparagraph=\count191
\c@figure=\count192
\c@table=\count193
\abovecaptionskip=\skip47
\belowcaptionskip=\skip48
\bibindent=\dimen138
)
(/usr/share/texlive/texmf-dist/tex/latex/base/ifthen.sty
Package: ifthen 2020/11/24 v1.1c Standard LaTeX ifthen package (DPC)
)
(/usr/share/texlive/texmf-dist/tex/latex/tools/array.sty
Rollback for package 'array' requested -> date 2016-10-06.
         Best approximation is the release introduced on 2016-10-06.

(/usr/share/texlive/texmf-dist/tex/latex/tools/array-2016-10-06.sty
Package: array 2016/10/06 v2.4d Tabular extension package (FMi)
\col@sep=\dimen139
\extrarowheight=\dimen140
\NC@list=\toks16
\extratabsurround=\skip49
\backup@length=\skip50
))
(/usr/share/texlive/texmf-dist/tex/generic/infwarerr/infwarerr.sty
package info suppressed
)
(./doxygen.sty
Package: doxygen 
 (/usr/share/texlive/texmf-dist/tex/latex/base/alltt.sty
Package: alltt 2021/01/29 v2.0g defines alltt environment
)
(/usr/share/texlive/texmf-dist/tex/latex/tools/calc.sty
Package: calc 2017/05/25 v4.3 Infix arithmetic (KKT,FJ)
\calc@Acount=\count194
\calc@Bcount=\count195
\calc@Adimen=\dimen141
\calc@Bdimen=\dimen142
\calc@Askip=\skip51
\calc@Bskip=\skip52
LaTeX Info: Redefining \setlength on input line 80.
LaTeX Info: Redefining \addtolength on input line 81.
\calc@Ccount=\count196
\calc@Cskip=\skip53
)
(/usr/share/texlive/texmf-dist/tex/latex/float/float.sty
Package: float 2001/11/08 v1.3d Float enhancements (AL)
\c@float@type=\count197
\float@exts=\toks17
\float@box=\box50
\@float@everytoks=\toks18
\@floatcapt=\box51
)
(/usr/share/texlive/texmf-dist/tex/latex/tools/verbatim.sty
Package: verbatim 2020-07-07 v1.5u LaTeX2e package for verbatim enhancements
\every@verbatim=\toks19
\verbatim@line=\toks20
\verbatim@in@stream=\read2
)
(/usr/share/texlive/texmf-dist/tex/latex/xcolor/xcolor.sty
Package: xcolor 2021/10/31 v2.13 LaTeX color extensions (UK)

(/usr/share/texlive/texmf-dist/tex/latex/graphics-cfg/color.cfg
File: color.cfg 2016/01/02 v1.6 sample color configuration
)
Package xcolor Info: Driver file: pdftex.def on input line 227.

(/usr/share/texlive/texmf-dist/tex/latex/graphics-def/pdftex.def
File: pdftex.def 2020/10/05 v1.2a Graphics/color driver for pdftex
)
(/usr/share/texlive/texmf-dist/tex/latex/colortbl/colortbl.sty
Package: colortbl 2020/01/04 v1.0e Color table columns (DPC)
\everycr=\toks21
\minrowclearance=\skip54
)
\rownum=\count198
Package xcolor Info: Model `cmy' substituted by `cmy0' on input line 1352.
Package xcolor Info: Model `hsb' substituted by `rgb' on input line 1356.
Package xcolor Info: Model `RGB' extended on input line 1368.
Package xcolor Info: Model `HTML' substituted by `rgb' on input line 1370.
Package xcolor Info: Model `Hsb' substituted by `hsb' on input line 1371.
Package xcolor Info: Model `tHsb' substituted by `hsb' on input line 1372.
Package xcolor Info: Model `HSB' substituted by `hsb' on input line 1373.
Package xcolor Info: Model `Gray' substituted by `gray' on input line 1374.
Package xcolor Info: Model `wave' substituted by `hsb' on input line 1375.
)
(./longtable_doxygen.sty
Package: longtable_doxygen 2014/10/28 v4.11 Multi-page Table package (DPC) - fr
ozen version for doxygen
\LTleft=\skip55
\LTright=\skip56
\LTpre=\skip57
\LTpost=\skip58
\LTchunksize=\count199
\LTcapwidth=\dimen143
\LT@head=\box52
\LT@firsthead=\box53
\LT@foot=\box54
\LT@lastfoot=\box55
\LT@cols=\count266
\LT@rows=\count267
\c@LT@tables=\count268
\c@LT@chunks=\count269
\LT@p@ftn=\toks22
) (./tabu_doxygen.sty
Package: tabu_doxygen 2011/02/26 v2.8 - flexible LaTeX tabulars (FC), frozen ve
rsion for doxygen

(/usr/share/texlive/texmf-dist/tex/latex/varwidth/varwidth.sty
Package: varwidth 2009/03/30 ver 0.92;  Variable-width minipages
\@vwid@box=\box56
\sift@deathcycles=\count270
\@vwid@loff=\dimen144
\@vwid@roff=\dimen145
)
\c@taburow=\count271
\tabu@nbcols=\count272
\tabu@cnt=\count273
\tabu@Xcol=\count274
\tabu@alloc=\count275
\tabu@nested=\count276
\tabu@target=\dimen146
\tabu@spreadtarget=\dimen147
\tabu@naturalX=\dimen148
\tabucolX=\dimen149
\tabu@Xsum=\dimen150
\extrarowdepth=\dimen151
\abovetabulinesep=\dimen152
\belowtabulinesep=\dimen153
\tabustrutrule=\dimen154
\tabu@thebody=\toks23
\tabu@footnotes=\toks24
\tabu@box=\box57
\tabu@arstrutbox=\box58
\tabu@hleads=\box59
\tabu@vleads=\box60
\tabu@cellskip=\skip59
)
(/usr/share/texlive/texmf-dist/tex/latex/fancyvrb/fancyvrb.sty
Package: fancyvrb 2021/12/21 4.1b verbatim text (tvz,hv)

(/usr/share/texlive/texmf-dist/tex/latex/graphics/keyval.sty
Package: keyval 2014/10/28 v1.15 key=value parser (DPC)
\KV@toks@=\toks25
)
\FV@CodeLineNo=\count277
\FV@InFile=\read3
\FV@TabBox=\box61
\c@FancyVerbLine=\count278
\FV@StepNumber=\count279
\FV@OutFile=\write3
)
(/usr/share/texlive/texmf-dist/tex/latex/tools/tabularx.sty
Package: tabularx 2020/01/15 v2.11c `tabularx' package (DPC)
\TX@col@width=\dimen155
\TX@old@table=\dimen156
\TX@old@col=\dimen157
\TX@target=\dimen158
\TX@delta=\dimen159
\TX@cols=\count280
\TX@ftn=\toks26
)
(/usr/share/texlive/texmf-dist/tex/latex/tools/multicol.sty
Package: multicol 2021/10/28 v1.9b multicolumn formatting (FMi)
\c@tracingmulticols=\count281
\mult@box=\box62
\multicol@leftmargin=\dimen160
\c@unbalance=\count282
\c@collectmore=\count283
\doublecol@number=\count284
\multicoltolerance=\count285
\multicolpretolerance=\count286
\full@width=\dimen161
\page@free=\dimen162
\premulticols=\dimen163
\postmulticols=\dimen164
\multicolsep=\skip60
\multicolbaselineskip=\skip61
\partial@page=\box63
\last@line=\box64
\maxbalancingoverflow=\dimen165
\mult@rightbox=\box65
\mult@grightbox=\box66
\mult@firstbox=\box67
\mult@gfirstbox=\box68
\@tempa=\box69
\@tempa=\box70
\@tempa=\box71
\@tempa=\box72
\@tempa=\box73
\@tempa=\box74
\@tempa=\box75
\@tempa=\box76
\@tempa=\box77
\@tempa=\box78
\@tempa=\box79
\@tempa=\box80
\@tempa=\box81
\@tempa=\box82
\@tempa=\box83
\@tempa=\box84
\@tempa=\box85
\@tempa=\box86
\@tempa=\box87
\@tempa=\box88
\@tempa=\box89
\@tempa=\box90
\@tempa=\box91
\@tempa=\box92
\@tempa=\box93
\@tempa=\box94
\@tempa=\box95
\@tempa=\box96
\@tempa=\box97
\@tempa=\box98
\@tempa=\box99
\@tempa=\box100
\@tempa=\box101
\@tempa=\box102
\@tempa=\box103
\@tempa=\box104
\c@minrows=\count287
\c@columnbadness=\count288
\c@finalcolumnbadness=\count289
\last@try=\dimen166
\multicolovershoot=\dimen167
\multicolundershoot=\dimen168
\mult@nat@firstbox=\box105
\colbreak@box=\box106
\mc@col@check@num=\count290
)
(/usr/share/texlive/texmf-dist/tex/latex/multirow/multirow.sty
Package: multirow 2021/03/15 v2.8 Span multiple rows of a table
\multirow@colwidth=\skip62
\multirow@cntb=\count291
\multirow@dima=\skip63
\bigstrutjot=\dimen169
)
(/usr/share/texlive/texmf-dist/tex/latex/hanging/hanging.sty
Package: hanging 2009/09/02 v1.2b hanging paragraphs and punctuation
\h@ngcommawd=\skip64
\h@ngfstopwd=\skip65
\h@ngquotewd=\skip66
\h@ngdquotewd=\skip67
\h@ngquerywd=\skip68
\h@ngexclwd=\skip69
\h@ngcolonwd=\skip70
\h@ngscolonwd=\skip71
)
(/usr/share/texlive/texmf-dist/tex/generic/iftex/ifpdf.sty
Package: ifpdf 2019/10/25 v3.4 ifpdf legacy package. Use iftex instead.
)
(/usr/share/texlive/texmf-dist/tex/latex/adjustbox/adjustbox.sty
Package: adjustbox 2020/08/19 v1.3 Adjusting TeX boxes (trim, clip, ...)

(/usr/share/texlive/texmf-dist/tex/latex/xkeyval/xkeyval.sty
Package: xkeyval 2020/11/20 v2.8 package option processing (HA)

(/usr/share/texlive/texmf-dist/tex/generic/xkeyval/xkeyval.tex
(/usr/share/texlive/texmf-dist/tex/generic/xkeyval/xkvutils.tex
\XKV@toks=\toks27
\XKV@tempa@toks=\toks28
)
\XKV@depth=\count292
File: xkeyval.tex 2014/12/03 v2.7a key=value parser (HA)
))
(/usr/share/texlive/texmf-dist/tex/latex/adjustbox/adjcalc.sty
Package: adjcalc 2012/05/16 v1.1 Provides advanced setlength with multiple back
-ends (calc, etex, pgfmath)
)
(/usr/share/texlive/texmf-dist/tex/latex/adjustbox/trimclip.sty
Package: trimclip 2020/08/19 v1.2 Trim and clip general TeX material

(/usr/share/texlive/texmf-dist/tex/latex/graphics/graphicx.sty
Package: graphicx 2021/09/16 v1.2d Enhanced LaTeX Graphics (DPC,SPQR)

(/usr/share/texlive/texmf-dist/tex/latex/graphics/graphics.sty
Package: graphics 2021/03/04 v1.4d Standard LaTeX Graphics (DPC,SPQR)

(/usr/share/texlive/texmf-dist/tex/latex/graphics/trig.sty
Package: trig 2021/08/11 v1.11 sin cos tan (DPC)
)
(/usr/share/texlive/texmf-dist/tex/latex/graphics-cfg/graphics.cfg
File: graphics.cfg 2016/06/04 v1.11 sample graphics configuration
)
Package graphics Info: Driver file: pdftex.def on input line 107.
)
\Gin@req@height=\dimen170
\Gin@req@width=\dimen171
)
(/usr/share/texlive/texmf-dist/tex/latex/collectbox/collectbox.sty
Package: collectbox 2012/05/17 v0.4b Collect macro arguments as boxes
\collectedbox=\box107
)
\tc@llx=\dimen172
\tc@lly=\dimen173
\tc@urx=\dimen174
\tc@ury=\dimen175
Package trimclip Info: Using driver 'tc-pdftex.def'.

(/usr/share/texlive/texmf-dist/tex/latex/adjustbox/tc-pdftex.def
File: tc-pdftex.def 2019/01/04 v2.2 Clipping driver for pdftex
))
\adjbox@Width=\dimen176
\adjbox@Height=\dimen177
\adjbox@Depth=\dimen178
\adjbox@Totalheight=\dimen179
\adjbox@pwidth=\dimen180
\adjbox@pheight=\dimen181
\adjbox@pdepth=\dimen182
\adjbox@ptotalheight=\dimen183

(/usr/share/texlive/texmf-dist/tex/latex/ifoddpage/ifoddpage.sty
Package: ifoddpage 2016/04/23 v1.1 Conditionals for odd/even page detection
\c@checkoddpage=\count293
))
(/usr/share/texlive/texmf-dist/tex/latex/amsfonts/amssymb.sty
Package: amssymb 2013/01/14 v3.01 AMS font symbols

(/usr/share/texlive/texmf-dist/tex/latex/amsfonts/amsfonts.sty
Package: amsfonts 2013/01/14 v3.01 Basic AMSFonts support
\@emptytoks=\toks29
\symAMSa=\mathgroup4
\symAMSb=\mathgroup5
LaTeX Font Info:    Redeclaring math symbol \hbar on input line 98.
LaTeX Font Info:    Overwriting math alphabet `\mathfrak' in version `bold'
(Font)                  U/euf/m/n --> U/euf/b/n on input line 106.
))
(/usr/share/texlive/texmf-dist/tex/latex/stackengine/stackengine.sty
Package: stackengine 2021/07/22 v4.11\ Stacking text and objects in convenient 
ways

(/usr/share/texlive/texmf-dist/tex/latex/etoolbox/etoolbox.sty
Package: etoolbox 2020/10/05 v2.5k e-TeX tools for LaTeX (JAW)
\etb@tempcnta=\count294
)
(/usr/share/texlive/texmf-dist/tex/generic/listofitems/listofitems.sty
(/usr/share/texlive/texmf-dist/tex/generic/listofitems/listofitems.tex
\loi_cnt_foreach_nest=\count295
\loi_nestcnt=\count296
)
Package: listofitems 2019/08/21 v1.63 Grab items in lists using user-specified 
sep char (CT)
)
\c@@stackindex=\count297
\@boxshift=\skip72
\stack@tmplength=\skip73
\temp@stkl=\skip74
\@stackedboxwidth=\skip75
\@addedbox=\box108
\@anchorbox=\box109
\@insetbox=\box110
\se@backgroundbox=\box111
\stackedbox=\box112
\@centerbox=\box113
\c@ROWcellindex@=\count298
)
(/usr/share/texlive/texmf-dist/tex/latex/enumitem/enumitem.sty
Package: enumitem 2019/06/20 v3.9 Customized lists
\labelindent=\skip76
\enit@outerparindent=\dimen184
\enit@toks=\toks30
\enit@inbox=\box114
\enit@count@id=\count299
\enitdp@description=\count300
)
(/usr/share/texlive/texmf-dist/tex/generic/alphalph/alphalph.sty
Package: alphalph 2019/12/09 v2.6 Convert numbers to letters (HO)

(/usr/share/texlive/texmf-dist/tex/generic/intcalc/intcalc.sty
Package: intcalc 2019/12/15 v1.3 Expandable calculations with integers (HO)
))
(/usr/share/texlive/texmf-dist/tex/generic/ulem/ulem.sty
\UL@box=\box115
\UL@hyphenbox=\box116
\UL@skip=\skip77
\UL@hook=\toks31
\UL@height=\dimen185
\UL@pe=\count301
\UL@pixel=\dimen186
\ULC@box=\box117
Package: ulem 2019/11/18
\ULdepth=\dimen187
)
\xrefbox=\box118
\xreflength=\skip78
\CodeWidthChar=\skip79
\CodeHeightChar=\skip80
\DoxyCodeWidth=\skip81
\c@DoxyEnumeratei=\count302
\c@DoxyEnumerateii=\count303
\c@DoxyEnumerateiii=\count304
\c@DoxyEnumerateiv=\count305
\c@DoxyEnumeratev=\count306
\c@DoxyEnumeratevi=\count307
\c@DoxyEnumeratevii=\count308
\c@DoxyEnumerateviii=\count309
\c@DoxyEnumerateix=\count310
\c@DoxyEnumeratex=\count311
\c@DoxyEnumeratexi=\count312
\c@DoxyEnumeratexii=\count313
\enitdp@DoxyEnumerate=\count314
\enitdp@DoxyItemize=\count315
\c@subsubsubsection=\count316
\c@subsubsubsubsection=\count317
\c@subsubsubsubsubsection=\count318
\c@subsubsubsubsubsubsection=\count319
)
(/usr/share/texlive/texmf-dist/tex/latex/base/inputenc.sty
Package: inputenc 2021/02/14 v1.3d Input encoding file
\inpenc@prehook=\toks32
\inpenc@posthook=\toks33
)
(/usr/share/texlive/texmf-dist/tex/latex/base/makeidx.sty
Package: makeidx 2021/10/04 v1.0m Standard LaTeX package
)
(/usr/share/texlive/texmf-dist/tex/latex/base/textcomp.sty
Package: textcomp 2020/02/02 v2.0n Standard LaTeX package
)
(/usr/share/texlive/texmf-dist/tex/latex/wasysym/wasysym.sty
Package: wasysym 2020/01/19 v2.4 Wasy-2 symbol support package
\symwasy=\mathgroup6
LaTeX Font Info:    Overwriting symbol font `wasy' in version `bold'
(Font)                  U/wasy/m/n --> U/wasy/b/n on input line 93.
)
(/usr/share/texlive/texmf-dist/tex/generic/iftex/ifxetex.sty
Package: ifxetex 2019/10/25 v0.7 ifxetex legacy package. Use iftex instead.
)
(/usr/share/texlive/texmf-dist/tex/latex/base/fontenc.sty
Package: fontenc 2021/04/29 v2.0v Standard LaTeX package
)
(/usr/share/texlive/texmf-dist/tex/latex/psnfss/helvet.sty
Package: helvet 2020/03/25 PSNFSS-v9.3 (WaS) 
)
(/usr/share/texlive/texmf-dist/tex/latex/psnfss/courier.sty
Package: courier 2020/03/25 PSNFSS-v9.3 (WaS) 
)
(/usr/share/texlive/texmf-dist/tex/latex/geometry/geometry.sty
Package: geometry 2020/01/02 v5.9 Page Geometry

(/usr/share/texlive/texmf-dist/tex/generic/iftex/ifvtex.sty
Package: ifvtex 2019/10/25 v1.7 ifvtex legacy package. Use iftex instead.
)
\Gm@cnth=\count320
\Gm@cntv=\count321
\c@Gm@tempcnt=\count322
\Gm@bindingoffset=\dimen188
\Gm@wd@mp=\dimen189
\Gm@odd@mp=\dimen190
\Gm@even@mp=\dimen191
\Gm@layoutwidth=\dimen192
\Gm@layoutheight=\dimen193
\Gm@layouthoffset=\dimen194
\Gm@layoutvoffset=\dimen195
\Gm@dimlist=\toks34
)
(/usr/share/texlive/texmf-dist/tex/latex/changepage/changepage.sty
Package: changepage 2009/10/20 v1.0c check page and change page layout
\c@cp@cntr=\count323
\cp@tempcnt=\count324
LaTeX Info: Redefining \checkoddpage on input line 59.
)
(/usr/share/texlive/texmf-dist/tex/latex/fancyhdr/fancyhdr.sty
Package: fancyhdr 2021/01/28 v4.0.1 Extensive control of page headers and foote
rs
\f@nch@headwidth=\skip82
\f@nch@O@elh=\skip83
\f@nch@O@erh=\skip84
\f@nch@O@olh=\skip85
\f@nch@O@orh=\skip86
\f@nch@O@elf=\skip87
\f@nch@O@erf=\skip88
\f@nch@O@olf=\skip89
\f@nch@O@orf=\skip90
)
(/usr/share/texlive/texmf-dist/tex/latex/natbib/natbib.sty
Package: natbib 2010/09/13 8.31b (PWD, AO)
\bibhang=\skip91
\bibsep=\skip92
LaTeX Info: Redefining \cite on input line 694.
\c@NAT@ctr=\count325
)
(/usr/share/texlive/texmf-dist/tex/latex/tocloft/tocloft.sty
Package: tocloft 2017/08/31 v2.3i parameterised ToC, etc., typesetting
Package tocloft Info: The document has chapter divisions on input line 51.
\cftparskip=\skip93
\cftbeforetoctitleskip=\skip94
\cftaftertoctitleskip=\skip95
\cftbeforepartskip=\skip96
\cftpartnumwidth=\skip97
\cftpartindent=\skip98
\cftbeforechapskip=\skip99
\cftchapindent=\skip100
\cftchapnumwidth=\skip101
\cftbeforesecskip=\skip102
\cftsecindent=\skip103
\cftsecnumwidth=\skip104
\cftbeforesubsecskip=\skip105
\cftsubsecindent=\skip106
\cftsubsecnumwidth=\skip107
\cftbeforesubsubsecskip=\skip108
\cftsubsubsecindent=\skip109
\cftsubsubsecnumwidth=\skip110
\cftbeforeparaskip=\skip111
\cftparaindent=\skip112
\cftparanumwidth=\skip113
\cftbeforesubparaskip=\skip114
\cftsubparaindent=\skip115
\cftsubparanumwidth=\skip116
\cftbeforeloftitleskip=\skip117
\cftafterloftitleskip=\skip118
\cftbeforefigskip=\skip119
\cftfigindent=\skip120
\cftfignumwidth=\skip121
\c@lofdepth=\count326
\c@lotdepth=\count327
\cftbeforelottitleskip=\skip122
\cftafterlottitleskip=\skip123
\cftbeforetabskip=\skip124
\cfttabindent=\skip125
\cfttabnumwidth=\skip126
)
\@indexfile=\write4
\openout4 = `refman.idx'.


Writing index file refman.idx
(/usr/share/texlive/texmf-dist/tex/latex/newunicodechar/newunicodechar.sty
Package: newunicodechar 2018/04/08 v1.2 Defining Unicode characters
)
(/usr/share/texlive/texmf-dist/tex/latex/hyperref/hyperref.sty
Package: hyperref 2021-06-07 v7.00m Hypertext links for LaTeX

(/usr/share/texlive/texmf-dist/tex/generic/ltxcmds/ltxcmds.sty
Package: ltxcmds 2020-05-10 v1.25 LaTeX kernel commands for general use (HO)
)
(/usr/share/texlive/texmf-dist/tex/generic/pdftexcmds/pdftexcmds.sty
Package: pdftexcmds 2020-06-27 v0.33 Utility functions of pdfTeX for LuaTeX (HO
)
Package pdftexcmds Info: \pdf@primitive is available.
Package pdftexcmds Info: \pdf@ifprimitive is available.
Package pdftexcmds Info: \pdfdraftmode found.
)
(/usr/share/texlive/texmf-dist/tex/generic/kvsetkeys/kvsetkeys.sty
Package: kvsetkeys 2019/12/15 v1.18 Key value parser (HO)
)
(/usr/share/texlive/texmf-dist/tex/generic/kvdefinekeys/kvdefinekeys.sty
Package: kvdefinekeys 2019-12-19 v1.6 Define keys (HO)
)
(/usr/share/texlive/texmf-dist/tex/generic/pdfescape/pdfescape.sty
Package: pdfescape 2019/12/09 v1.15 Implements pdfTeX's escape features (HO)
)
(/usr/share/texlive/texmf-dist/tex/latex/hycolor/hycolor.sty
Package: hycolor 2020-01-27 v1.10 Color options for hyperref/bookmark (HO)
)
(/usr/share/texlive/texmf-dist/tex/latex/letltxmacro/letltxmacro.sty
Package: letltxmacro 2019/12/03 v1.6 Let assignment for LaTeX macros (HO)
)
(/usr/share/texlive/texmf-dist/tex/latex/auxhook/auxhook.sty
Package: auxhook 2019-12-17 v1.6 Hooks for auxiliary files (HO)
)
(/usr/share/texlive/texmf-dist/tex/latex/kvoptions/kvoptions.sty
Package: kvoptions 2020-10-07 v3.14 Key value format for package options (HO)
)
\@linkdim=\dimen196
\Hy@linkcounter=\count328
\Hy@pagecounter=\count329

(/usr/share/texlive/texmf-dist/tex/latex/hyperref/pd1enc.def
File: pd1enc.def 2021-06-07 v7.00m Hyperref: PDFDocEncoding definition (HO)
Now handling font encoding PD1 ...
... no UTF-8 mapping file for font encoding PD1
)
(/usr/share/texlive/texmf-dist/tex/latex/hyperref/hyperref-langpatches.def
File: hyperref-langpatches.def 2021-06-07 v7.00m Hyperref: patches for babel la
nguages
)
(/usr/share/texlive/texmf-dist/tex/generic/etexcmds/etexcmds.sty
Package: etexcmds 2019/12/15 v1.7 Avoid name clashes with e-TeX commands (HO)
)
\Hy@SavedSpaceFactor=\count330

(/usr/share/texlive/texmf-dist/tex/latex/hyperref/puenc.def
File: puenc.def 2021-06-07 v7.00m Hyperref: PDF Unicode definition (HO)
Now handling font encoding PU ...
... no UTF-8 mapping file for font encoding PU
)
Package hyperref Info: Hyper figures OFF on input line 4192.
Package hyperref Info: Link nesting OFF on input line 4197.
Package hyperref Info: Hyper index ON on input line 4200.
Package hyperref Info: Plain pages OFF on input line 4207.
Package hyperref Info: Backreferencing ON on input line 4210.
Package hyperref Info: Implicit mode ON; LaTeX internals redefined.
Package hyperref Info: Bookmarks ON on input line 4445.

(/usr/share/texlive/texmf-dist/tex/latex/hyperref/backref.sty
Package: backref 2021/02/04 v1.41 Bibliographical back referencing

(/usr/share/texlive/texmf-dist/tex/latex/rerunfilecheck/rerunfilecheck.sty
Package: rerunfilecheck 2019/12/05 v1.9 Rerun checks for auxiliary files (HO)

(/usr/share/texlive/texmf-dist/tex/latex/base/atveryend-ltx.sty
Package: atveryend-ltx 2020/08/19 v1.0a Emulation of the original atveryend pac
kage
with kernel methods
)
(/usr/share/texlive/texmf-dist/tex/generic/uniquecounter/uniquecounter.sty
Package: uniquecounter 2019/12/15 v1.4 Provide unlimited unique counter (HO)

(/usr/share/texlive/texmf-dist/tex/generic/bigintcalc/bigintcalc.sty
Package: bigintcalc 2019/12/15 v1.5 Expandable calculations on big integers (HO
)
))
Package uniquecounter Info: New unique counter `rerunfilecheck' on input line 2
86.
))
\c@Hy@tempcnt=\count331

(/usr/share/texlive/texmf-dist/tex/latex/url/url.sty
\Urlmuskip=\muskip16
Package: url 2013/09/16  ver 3.4  Verb mode for urls, etc.
)
LaTeX Info: Redefining \url on input line 4804.
\XeTeXLinkMargin=\dimen197

(/usr/share/texlive/texmf-dist/tex/generic/bitset/bitset.sty
Package: bitset 2019/12/09 v1.3 Handle bit-vector datatype (HO)
)
\Fld@menulength=\count332
\Field@Width=\dimen198
\Fld@charsize=\dimen199
Package hyperref Info: Hyper figures OFF on input line 6076.
Package hyperref Info: Link nesting OFF on input line 6081.
Package hyperref Info: Hyper index ON on input line 6084.
Package hyperref Info: backreferencing ON on input line 6089.
Package hyperref Info: Link coloring OFF on input line 6096.
Package hyperref Info: Link coloring with OCG OFF on input line 6101.
Package hyperref Info: PDF/A mode OFF on input line 6106.
LaTeX Info: Redefining \ref on input line 6146.
LaTeX Info: Redefining \pageref on input line 6150.

(/usr/share/texlive/texmf-dist/tex/latex/base/atbegshi-ltx.sty
Package: atbegshi-ltx 2021/01/10 v1.0c Emulation of the original atbegshi
package with kernel methods
)
\Hy@abspage=\count333
\c@Item=\count334
\c@Hfootnote=\count335
)
Package hyperref Info: Driver: hpdftex.

(/usr/share/texlive/texmf-dist/tex/latex/hyperref/hpdftex.def
File: hpdftex.def 2021-06-07 v7.00m Hyperref driver for pdfTeX
\Fld@listcount=\count336
\c@bookmark@seq@number=\count337
\Hy@SectionHShift=\skip127
)
Package hyperref Info: Option `colorlinks' set `true' on input line 187.
Package hyperref Info: Option `unicode' set `true' on input line 187.

(/usr/share/texlive/texmf-dist/tex/latex/caption/caption.sty
Package: caption 2020/10/26 v3.5g Customizing captions (AR)

(/usr/share/texlive/texmf-dist/tex/latex/caption/caption3.sty
Package: caption3 2020/10/21 v2.2e caption3 kernel (AR)
\captionmargin=\dimen256
\captionmargin@=\dimen257
\captionwidth=\dimen258
\caption@tempdima=\dimen259
\caption@indent=\dimen260
\caption@parindent=\dimen261
\caption@hangindent=\dimen262
Package caption Info: Standard document class detected.
)
\c@caption@flags=\count338
\c@continuedfloat=\count339
Package caption Info: changepage package is loaded.
\caption@adjustwidth@hsize=\dimen263
\caption@adjustwidth@linewidth=\dimen264
Package caption Info: float package is loaded.
Package caption Info: hyperref package is loaded.
Package caption Info: longtable package is loaded.

(/usr/share/texlive/texmf-dist/tex/latex/caption/ltcaption.sty
Package: ltcaption 2020/05/30 v1.4b longtable captions (AR)
))
(./etoc_doxygen.sty
Package: etoc_doxygen 2023/07/01 v1.2b Completely customisable TOCs (JFB)
\Etoc@toctoks=\toks35
\c@etoc@tocid=\count340
\etoc@framed@titlebox=\box119
\etoc@framed@contentsbox=\box120
)
LaTeX Font Info:    Trying to load font information for T1+phv on input line 20
9.
 (/usr/share/texlive/texmf-dist/tex/latex/psnfss/t1phv.fd
File: t1phv.fd 2020/03/25 scalable font definitions for T1/phv.
)
LaTeX Font Info:    Font shape `T1/phv/m/n' will be
(Font)              scaled to size 8.99994pt on input line 209.

(/usr/share/texlive/texmf-dist/tex/latex/l3backend/l3backend-pdftex.def
File: l3backend-pdftex.def 2022-01-12 L3 backend support: PDF output (pdfTeX)
\l__color_backend_stack_int=\count341
\l__pdf_internal_box=\box121
)
(./refman.aux)
\openout1 = `refman.aux'.

LaTeX Font Info:    Checking defaults for OML/cmm/m/it on input line 209.
LaTeX Font Info:    ... okay on input line 209.
LaTeX Font Info:    Checking defaults for OMS/cmsy/m/n on input line 209.
LaTeX Font Info:    ... okay on input line 209.
LaTeX Font Info:    Checking defaults for OT1/cmr/m/n on input line 209.
LaTeX Font Info:    ... okay on input line 209.
LaTeX Font Info:    Checking defaults for T1/cmr/m/n on input line 209.
LaTeX Font Info:    ... okay on input line 209.
LaTeX Font Info:    Checking defaults for TS1/cmr/m/n on input line 209.
LaTeX Font Info:    ... okay on input line 209.
LaTeX Font Info:    Checking defaults for OMX/cmex/m/n on input line 209.
LaTeX Font Info:    ... okay on input line 209.
LaTeX Font Info:    Checking defaults for U/cmr/m/n on input line 209.
LaTeX Font Info:    ... okay on input line 209.
LaTeX Font Info:    Checking defaults for PD1/pdf/m/n on input line 209.
LaTeX Font Info:    ... okay on input line 209.
LaTeX Font Info:    Checking defaults for PU/pdf/m/n on input line 209.
LaTeX Font Info:    ... okay on input line 209.

(/usr/share/texlive/texmf-dist/tex/context/base/mkii/supp-pdf.mkii
[Loading MPS to PDF converter (version 2006.09.02).]
\scratchcounter=\count342
\scratchdimen=\dimen265
\scratchbox=\box122
\nofMPsegments=\count343
\nofMParguments=\count344
\everyMPshowfont=\toks36
\MPscratchCnt=\count345
\MPscratchDim=\dimen266
\MPnumerator=\count346
\makeMPintoPDFobject=\count347
\everyMPtoPDFconversion=\toks37
) (/usr/share/texlive/texmf-dist/tex/latex/epstopdf-pkg/epstopdf-base.sty
Package: epstopdf-base 2020-01-24 v2.11 Base part for package epstopdf
Package epstopdf-base Info: Redefining graphics rule for `.eps' on input line 4
85.

(/usr/share/texlive/texmf-dist/tex/latex/latexconfig/epstopdf-sys.cfg
File: epstopdf-sys.cfg 2010/07/13 v1.3 Configuration of (r)epstopdf for TeX Liv
e
))
*geometry* driver: auto-detecting
*geometry* detected driver: pdftex
*geometry* verbose mode - [ preamble ] result:
* driver: pdftex
* paper: a4paper
* layout: <same size as paper>
* layoutoffset:(h,v)=(0.0pt,0.0pt)
* modes: twoside 
* h-part:(L,W,R)=(71.13188pt, 455.24411pt, 71.13188pt)
* v-part:(T,H,B)=(71.13188pt, 702.78308pt, 71.13188pt)
* \paperwidth=597.50787pt
* \paperheight=845.04684pt
* \textwidth=455.24411pt
* \textheight=702.78308pt
* \oddsidemargin=-1.1381pt
* \evensidemargin=-1.1381pt
* \topmargin=-31.2056pt
* \headheight=12.0pt
* \headsep=18.06749pt
* \topskip=10.0pt
* \footskip=25.29494pt
* \marginparwidth=125.0pt
* \marginparsep=7.0pt
* \columnsep=10.0pt
* \skip\footins=9.0pt plus 4.0pt minus 2.0pt
* \hoffset=0.0pt
* \voffset=0.0pt
* \mag=1000
* \@twocolumnfalse
* \@twosidetrue
* \@mparswitchtrue
* \@reversemarginfalse
* (1in=72.27pt=25.4mm, 1cm=28.453pt)

Package hyperref Info: Link coloring ON on input line 209.
(/usr/share/texlive/texmf-dist/tex/latex/hyperref/nameref.sty
Package: nameref 2021-04-02 v2.47 Cross-referencing by name of section

(/usr/share/texlive/texmf-dist/tex/latex/refcount/refcount.sty
Package: refcount 2019/12/15 v3.6 Data extraction from label references (HO)
)
(/usr/share/texlive/texmf-dist/tex/generic/gettitlestring/gettitlestring.sty
Package: gettitlestring 2019/12/15 v1.6 Cleanup title references (HO)
)
\c@section@level=\count348
)
LaTeX Info: Redefining \ref on input line 209.
LaTeX Info: Redefining \pageref on input line 209.
LaTeX Info: Redefining \nameref on input line 209.

(./refman.out) (./refman.out)
\@outlinefile=\write5
\openout5 = `refman.out'.

Package backref Info: ** backref set up for natbib ** on input line 209.
Package caption Info: Begin \AtBeginDocument code.
Package caption Info: End \AtBeginDocument code.
\Etoc@tf=\read4
Package hyperref Info: Option `pageanchor' set `false' on input line 217.
Package hyperref Info: Option `bookmarksnumbered' set `true' on input line 217.

Package hyperref Info: Option `unicode' set `true' on input line 217.
LaTeX Font Info:    Font shape `T1/phv/m/n' will be
(Font)              scaled to size 12.9599pt on input line 222.
LaTeX Font Info:    Font shape `T1/phv/m/n' will be
(Font)              scaled to size 6.29996pt on input line 222.
LaTeX Font Info:    Trying to load font information for U+msa on input line 222
.

(/usr/share/texlive/texmf-dist/tex/latex/amsfonts/umsa.fd
File: umsa.fd 2013/01/14 v3.01 AMS symbols A
)
LaTeX Font Info:    Trying to load font information for U+msb on input line 222
.

(/usr/share/texlive/texmf-dist/tex/latex/amsfonts/umsb.fd
File: umsb.fd 2013/01/14 v3.01 AMS symbols B
)
LaTeX Font Info:    Trying to load font information for U+wasy on input line 22
2.

(/usr/share/texlive/texmf-dist/tex/latex/wasysym/uwasy.fd
File: uwasy.fd 2020/01/19 v2.4 Wasy-2 symbol font definitions
)
LaTeX Font Info:    Font shape `T1/phv/m/n' will be
(Font)              scaled to size 10.79993pt on input line 224.
 [1


{/var/lib/texmf/fonts/map/pdftex/updmap/pdftex.map}] [2

]
\tf@toc=\write6
\openout6 = `refman.toc'.

LaTeX Font Info:    Font shape `T1/phv/b/n' will be
(Font)              scaled to size 8.99994pt on input line 230.
LaTeX Font Info:    Font shape `T1/phv/m/n' will be
(Font)              scaled to size 7.19995pt on input line 230.
LaTeX Font Info:    Trying to load font information for T1+pcr on input line 23
0.

(/usr/share/texlive/texmf-dist/tex/latex/psnfss/t1pcr.fd
File: t1pcr.fd 2001/06/04 font definitions for T1/pcr.
)
LaTeX Font Info:    Font shape `T1/phv/b/n' will be
(Font)              scaled to size 6.29996pt on input line 230.
 [1] [2] [3] [4

]
Package hyperref Info: Option `pageanchor' set `true' on input line 233.

Chapter 1.
LaTeX Font Info:    Font shape `T1/phv/m/n' will be
(Font)              scaled to size 18.66588pt on input line 235.
LaTeX Font Info:    Font shape `T1/phv/b/n' will be
(Font)              scaled to size 18.66588pt on input line 235.
LaTeX Font Info:    Font shape `T1/phv/b/n' will be
(Font)              scaled to size 22.39185pt on input line 235.
(./annotated.tex
LaTeX Font Info:    Font shape `T1/phv/b/n' will be
(Font)              scaled to size 12.9599pt on input line 1.
) [1

] [2

]
Chapter 2.
(./files.tex) [3] [4

]
Chapter 3.
(./class_block.tex
LaTeX Font Info:    Trying to load font information for TS1+phv on input line 1
0.
 (/usr/share/texlive/texmf-dist/tex/latex/psnfss/ts1phv.fd
File: ts1phv.fd 2020/03/25 scalable font definitions for TS1/phv.
)
LaTeX Font Info:    Font shape `TS1/phv/m/n' will be
(Font)              scaled to size 8.99994pt on input line 10.
LaTeX Font Info:    Font shape `T1/phv/m/n' will be
(Font)              scaled to size 8.09995pt on input line 13.
LaTeX Font Info:    Font shape `T1/phv/m/it' in size <9> not available
(Font)              Font shape `T1/phv/m/sl' tried instead on input line 13.
LaTeX Font Info:    Font shape `T1/phv/m/sl' will be
(Font)              scaled to size 8.09995pt on input line 13.
LaTeX Font Info:    Font shape `T1/phv/b/n' will be
(Font)              scaled to size 10.79993pt on input line 34.
 <./class_block_a37658a946bf5067ad01d68d9ff086adc_icgraph.pdf>
<class_block_a37658a946bf5067ad01d68d9ff086adc_icgraph.pdf, id=555, 512.91624pt
 x 100.375pt>
File: class_block_a37658a946bf5067ad01d68d9ff086adc_icgraph.pdf Graphic file (t
ype pdf)
<use class_block_a37658a946bf5067ad01d68d9ff086adc_icgraph.pdf>
Package pdftex.def Info: class_block_a37658a946bf5067ad01d68d9ff086adc_icgraph.
pdf  used on input line 46.
(pdftex.def)             Requested size: 350.0pt x 68.49301pt.
 [5]
LaTeX Font Info:    Font shape `T1/pcr/m/it' in size <8> not available
(Font)              Font shape `T1/pcr/m/sl' tried instead on input line 56.

Underfull \hbox (badness 10000) detected at line 69
[][][]
 []

 <./class_block_a5331535eeae532b7000c919d496d2a48_cgraph.pdf>
<class_block_a5331535eeae532b7000c919d496d2a48_cgraph.pdf, id=583, 431.6125pt x
 138.5175pt>
File: class_block_a5331535eeae532b7000c919d496d2a48_cgraph.pdf Graphic file (ty
pe pdf)
<use class_block_a5331535eeae532b7000c919d496d2a48_cgraph.pdf>
Package pdftex.def Info: class_block_a5331535eeae532b7000c919d496d2a48_cgraph.p
df  used on input line 77.
(pdftex.def)             Requested size: 350.0pt x 112.32959pt.
 <./class_block_a5331535eeae532b7000c919d496d2a48_icgraph.pdf>
<class_block_a5331535eeae532b7000c919d496d2a48_icgraph.pdf, id=591, 404.51125pt
 x 100.375pt>
File: class_block_a5331535eeae532b7000c919d496d2a48_icgraph.pdf Graphic file (t
ype pdf)
<use class_block_a5331535eeae532b7000c919d496d2a48_icgraph.pdf>
Package pdftex.def Info: class_block_a5331535eeae532b7000c919d496d2a48_icgraph.
pdf  used on input line 85.
(pdftex.def)             Requested size: 350.0pt x 86.85074pt.
 [6] <./class_block_aff70cf68ccbef55cdf18e38060922622_icgraph.pdf>
<class_block_aff70cf68ccbef55cdf18e38060922622_icgraph.pdf, id=610, 372.39125pt
 x 100.375pt>
File: class_block_aff70cf68ccbef55cdf18e38060922622_icgraph.pdf Graphic file (t
ype pdf)
<use class_block_aff70cf68ccbef55cdf18e38060922622_icgraph.pdf>
Package pdftex.def Info: class_block_aff70cf68ccbef55cdf18e38060922622_icgraph.
pdf  used on input line 103.
(pdftex.def)             Requested size: 350.0pt x 94.3433pt.

Underfull \hbox (badness 10000) detected at line 118
[][][]
 []

 <./class_block_a9b763f9cd785606584f98f949eb29aa3_cgraph.pdf>
<class_block_a9b763f9cd785606584f98f949eb29aa3_cgraph.pdf, id=619, 286.06876pt 
x 138.5175pt>
File: class_block_a9b763f9cd785606584f98f949eb29aa3_cgraph.pdf Graphic file (ty
pe pdf)
<use class_block_a9b763f9cd785606584f98f949eb29aa3_cgraph.pdf>
Package pdftex.def Info: class_block_a9b763f9cd785606584f98f949eb29aa3_cgraph.p
df  used on input line 126.
(pdftex.def)             Requested size: 285.0pt x 138.00142pt.
 [7])
(./class_block_buffer.tex
LaTeX Font Info:    Font shape `T1/phv/m/it' in size <7> not available
(Font)              Font shape `T1/phv/m/sl' tried instead on input line 19.
LaTeX Font Info:    Font shape `T1/phv/m/sl' will be
(Font)              scaled to size 6.29996pt on input line 19.
LaTeX Font Info:    Font shape `T1/phv/b/n' will be
(Font)              scaled to size 7.19995pt on input line 32.
 [8]
Underfull \hbox (badness 10000) detected at line 68
[][][]
 []


Underfull \hbox (badness 10000) detected at line 88
[][][]
 []

[9]
Underfull \hbox (badness 10000) detected at line 100
[][][]
 []

 <./class_block_buffer_a6b906e90453ecf21f73ff27f9536763d_cgraph.pdf>
<class_block_buffer_a6b906e90453ecf21f73ff27f9536763d_cgraph.pdf, id=679, 589.2
0125pt x 138.5175pt>
File: class_block_buffer_a6b906e90453ecf21f73ff27f9536763d_cgraph.pdf Graphic f
ile (type pdf)
<use class_block_buffer_a6b906e90453ecf21f73ff27f9536763d_cgraph.pdf>
Package pdftex.def Info: class_block_buffer_a6b906e90453ecf21f73ff27f9536763d_c
graph.pdf  used on input line 108.
(pdftex.def)             Requested size: 350.0pt x 82.2826pt.
 <./class_block_buffer_a6b906e90453ecf21f73ff27f9536763d_icgraph.pdf>
<class_block_buffer_a6b906e90453ecf21f73ff27f9536763d_icgraph.pdf, id=687, 275.
0275pt x 100.375pt>
File: class_block_buffer_a6b906e90453ecf21f73ff27f9536763d_icgraph.pdf Graphic 
file (type pdf)
<use class_block_buffer_a6b906e90453ecf21f73ff27f9536763d_icgraph.pdf>
Package pdftex.def Info: class_block_buffer_a6b906e90453ecf21f73ff27f9536763d_i
cgraph.pdf  used on input line 116.
(pdftex.def)             Requested size: 274.0pt x 100.00868pt.
 [10]
Underfull \hbox (badness 10000) detected at line 158
[][][]
 []


Underfull \hbox (badness 10000) detected at line 170
[][][]
 []

 <./class_block_buffer_a74899c7f817a3d9ae51f2e008c057046_cgraph.pdf>
<class_block_buffer_a74899c7f817a3d9ae51f2e008c057046_cgraph.pdf, id=711, 327.2
225pt x 138.5175pt>
File: class_block_buffer_a74899c7f817a3d9ae51f2e008c057046_cgraph.pdf Graphic f
ile (type pdf)
<use class_block_buffer_a74899c7f817a3d9ae51f2e008c057046_cgraph.pdf>
Package pdftex.def Info: class_block_buffer_a74899c7f817a3d9ae51f2e008c057046_c
graph.pdf  used on input line 178.
(pdftex.def)             Requested size: 326.0pt x 137.99931pt.
 <./class_block_buffer_a74899c7f817a3d9ae51f2e008c057046_icgraph.pdf>
<class_block_buffer_a74899c7f817a3d9ae51f2e008c057046_icgraph.pdf, id=719, 277.
035pt x 100.375pt>
File: class_block_buffer_a74899c7f817a3d9ae51f2e008c057046_icgraph.pdf Graphic 
file (type pdf)
<use class_block_buffer_a74899c7f817a3d9ae51f2e008c057046_icgraph.pdf>
Package pdftex.def Info: class_block_buffer_a74899c7f817a3d9ae51f2e008c057046_i
cgraph.pdf  used on input line 186.
(pdftex.def)             Requested size: 276.0pt x 100.00102pt.
)
(./class_b_plus_tree.tex [11] <./class_b_plus_tree__coll__graph.pdf>
<class_b_plus_tree__coll__graph.pdf, id=738, 146.5475pt x 168.63pt>
File: class_b_plus_tree__coll__graph.pdf Graphic file (type pdf)
<use class_b_plus_tree__coll__graph.pdf>
Package pdftex.def Info: class_b_plus_tree__coll__graph.pdf  used on input line
 19.
(pdftex.def)             Requested size: 146.0pt x 167.99916pt.
 [12]
LaTeX Font Info:    Font shape `T1/pcr/m/it' in size <7> not available
(Font)              Font shape `T1/pcr/m/sl' tried instead on input line 71.

[13] <./class_b_plus_tree_a58f376bb1baa4b1ca7761c13e4a7baf9_cgraph.pdf>
<class_b_plus_tree_a58f376bb1baa4b1ca7761c13e4a7baf9_cgraph.pdf, id=803, 367.37
25pt x 118.4425pt>
File: class_b_plus_tree_a58f376bb1baa4b1ca7761c13e4a7baf9_cgraph.pdf Graphic fi
le (type pdf)
<use class_b_plus_tree_a58f376bb1baa4b1ca7761c13e4a7baf9_cgraph.pdf>
Package pdftex.def Info: class_b_plus_tree_a58f376bb1baa4b1ca7761c13e4a7baf9_cg
raph.pdf  used on input line 129.
(pdftex.def)             Requested size: 350.0pt x 112.84865pt.
 <./class_b_plus_tree_a58f376bb1baa4b1ca7761c13e4a7baf9_icgraph.pdf>
<class_b_plus_tree_a58f376bb1baa4b1ca7761c13e4a7baf9_icgraph.pdf, id=811, 261.9
7874pt x 100.375pt>
File: class_b_plus_tree_a58f376bb1baa4b1ca7761c13e4a7baf9_icgraph.pdf Graphic f
ile (type pdf)
<use class_b_plus_tree_a58f376bb1baa4b1ca7761c13e4a7baf9_icgraph.pdf>
Package pdftex.def Info: class_b_plus_tree_a58f376bb1baa4b1ca7761c13e4a7baf9_ic
graph.pdf  used on input line 137.
(pdftex.def)             Requested size: 261.0pt x 100.00255pt.
 [14]
Underfull \hbox (badness 10000) detected at line 161
[][][]
 []


Underfull \hbox (badness 10000) detected at line 173
[][][]
 []

 <./class_b_plus_tree_a602ef49ca32b41d29655077a5271ba58_cgraph.pdf>
<class_b_plus_tree_a602ef49ca32b41d29655077a5271ba58_cgraph.pdf, id=835, 222.83
25pt x 118.4425pt>
File: class_b_plus_tree_a602ef49ca32b41d29655077a5271ba58_cgraph.pdf Graphic fi
le (type pdf)
<use class_b_plus_tree_a602ef49ca32b41d29655077a5271ba58_cgraph.pdf>
Package pdftex.def Info: class_b_plus_tree_a602ef49ca32b41d29655077a5271ba58_cg
raph.pdf  used on input line 181.
(pdftex.def)             Requested size: 222.0pt x 118.00122pt.
 <./class_b_plus_tree_a602ef49ca32b41d29655077a5271ba58_icgraph.pdf>
<class_b_plus_tree_a602ef49ca32b41d29655077a5271ba58_icgraph.pdf, id=843, 440.6
4626pt x 118.4425pt>
File: class_b_plus_tree_a602ef49ca32b41d29655077a5271ba58_icgraph.pdf Graphic f
ile (type pdf)
<use class_b_plus_tree_a602ef49ca32b41d29655077a5271ba58_icgraph.pdf>
Package pdftex.def Info: class_b_plus_tree_a602ef49ca32b41d29655077a5271ba58_ic
graph.pdf  used on input line 189.
(pdftex.def)             Requested size: 350.0pt x 94.08pt.
 [15] <./class_b_plus_tree_a700c0f10028db84b84dbc5ddc987d605_cgraph.pdf>
<class_b_plus_tree_a700c0f10028db84b84dbc5ddc987d605_cgraph.pdf, id=860, 299.11
75pt x 100.375pt>
File: class_b_plus_tree_a700c0f10028db84b84dbc5ddc987d605_cgraph.pdf Graphic fi
le (type pdf)
<use class_b_plus_tree_a700c0f10028db84b84dbc5ddc987d605_cgraph.pdf>
Package pdftex.def Info: class_b_plus_tree_a700c0f10028db84b84dbc5ddc987d605_cg
raph.pdf  used on input line 226.
(pdftex.def)             Requested size: 298.0pt x 100.00716pt.
 <./class_b_plus_tree_a700c0f10028db84b84dbc5ddc987d605_icgraph.pdf>
<class_b_plus_tree_a700c0f10028db84b84dbc5ddc987d605_icgraph.pdf, id=869, 264.9
9pt x 100.375pt>
File: class_b_plus_tree_a700c0f10028db84b84dbc5ddc987d605_icgraph.pdf Graphic f
ile (type pdf)
<use class_b_plus_tree_a700c0f10028db84b84dbc5ddc987d605_icgraph.pdf>
Package pdftex.def Info: class_b_plus_tree_a700c0f10028db84b84dbc5ddc987d605_ic
graph.pdf  used on input line 234.
(pdftex.def)             Requested size: 264.0pt x 100.00716pt.
 [16] <./class_b_plus_tree_ad7f3033a86483c667b22d0b2dbefb2c3_cgraph.pdf>
<class_b_plus_tree_ad7f3033a86483c667b22d0b2dbefb2c3_cgraph.pdf, id=886, 319.19
25pt x 118.4425pt>
File: class_b_plus_tree_ad7f3033a86483c667b22d0b2dbefb2c3_cgraph.pdf Graphic fi
le (type pdf)
<use class_b_plus_tree_ad7f3033a86483c667b22d0b2dbefb2c3_cgraph.pdf>
Package pdftex.def Info: class_b_plus_tree_ad7f3033a86483c667b22d0b2dbefb2c3_cg
raph.pdf  used on input line 268.
(pdftex.def)             Requested size: 318.0pt x 118.00122pt.
 [17]
Underfull \hbox (badness 10000) detected at line 309
[][][]
 []

 <./class_b_plus_tree_aa973d380559282f5ff71893ceca80cbb_cgraph.pdf>
<class_b_plus_tree_aa973d380559282f5ff71893ceca80cbb_cgraph.pdf, id=910, 191.71
625pt x 118.4425pt>
File: class_b_plus_tree_aa973d380559282f5ff71893ceca80cbb_cgraph.pdf Graphic fi
le (type pdf)
<use class_b_plus_tree_aa973d380559282f5ff71893ceca80cbb_cgraph.pdf>
Package pdftex.def Info: class_b_plus_tree_aa973d380559282f5ff71893ceca80cbb_cg
raph.pdf  used on input line 347.
(pdftex.def)             Requested size: 191.0pt x 118.00664pt.
 <./class_b_plus_tree_aa973d380559282f5ff71893ceca80cbb_icgraph.pdf>
<class_b_plus_tree_aa973d380559282f5ff71893ceca80cbb_icgraph.pdf, id=918, 319.1
925pt x 118.4425pt>
File: class_b_plus_tree_aa973d380559282f5ff71893ceca80cbb_icgraph.pdf Graphic f
ile (type pdf)
<use class_b_plus_tree_aa973d380559282f5ff71893ceca80cbb_icgraph.pdf>
Package pdftex.def Info: class_b_plus_tree_aa973d380559282f5ff71893ceca80cbb_ic
graph.pdf  used on input line 355.
(pdftex.def)             Requested size: 318.0pt x 118.00122pt.
 [18])
(./class_buffer.tex [19]
Underfull \hbox (badness 10000) detected at line 38
[][][]
 []

 <./class_buffer_a6b2613034a5a4a2261cc926bf47c105d_icgraph.pdf>
<class_buffer_a6b2613034a5a4a2261cc926bf47c105d_icgraph.pdf, id=952, 400.49625p
t x 138.5175pt>
File: class_buffer_a6b2613034a5a4a2261cc926bf47c105d_icgraph.pdf Graphic file (
type pdf)
<use class_buffer_a6b2613034a5a4a2261cc926bf47c105d_icgraph.pdf>
Package pdftex.def Info: class_buffer_a6b2613034a5a4a2261cc926bf47c105d_icgraph
.pdf  used on input line 46.
(pdftex.def)             Requested size: 350.0pt x 121.05878pt.
 [20] <./class_buffer_a6836a37494e3ad9644545bc6cd29cbbe_icgraph.pdf>
<class_buffer_a6836a37494e3ad9644545bc6cd29cbbe_icgraph.pdf, id=975, 382.42876p
t x 138.5175pt>
File: class_buffer_a6836a37494e3ad9644545bc6cd29cbbe_icgraph.pdf Graphic file (
type pdf)
<use class_buffer_a6836a37494e3ad9644545bc6cd29cbbe_icgraph.pdf>
Package pdftex.def Info: class_buffer_a6836a37494e3ad9644545bc6cd29cbbe_icgraph
.pdf  used on input line 71.
(pdftex.def)             Requested size: 350.0pt x 126.77818pt.

Underfull \hbox (badness 10000) detected at line 101
[][][]
 []

[21]) (./class_record.tex <./class_record_ae8ee53ffec6ff4dac9911517d47e86a5_icg
raph.pdf>
<class_record_ae8ee53ffec6ff4dac9911517d47e86a5_icgraph.pdf, id=1002, 662.475pt
 x 100.375pt>
File: class_record_ae8ee53ffec6ff4dac9911517d47e86a5_icgraph.pdf Graphic file (
type pdf)
<use class_record_ae8ee53ffec6ff4dac9911517d47e86a5_icgraph.pdf>
Package pdftex.def Info: class_record_ae8ee53ffec6ff4dac9911517d47e86a5_icgraph
.pdf  used on input line 44.
(pdftex.def)             Requested size: 350.0pt x 53.03001pt.
 [22]
Underfull \hbox (badness 10000) detected at line 65
[][][]
 []

 <./class_record_ad399872ad3346031a4738b54f60730f5_cgraph.pdf>
<class_record_ad399872ad3346031a4738b54f60730f5_cgraph.pdf, id=1030, 302.12875p
t x 100.375pt>
File: class_record_ad399872ad3346031a4738b54f60730f5_cgraph.pdf Graphic file (t
ype pdf)
<use class_record_ad399872ad3346031a4738b54f60730f5_cgraph.pdf>
Package pdftex.def Info: class_record_ad399872ad3346031a4738b54f60730f5_cgraph.
pdf  used on input line 73.
(pdftex.def)             Requested size: 301.0pt x 99.9995pt.
 <./class_record_ad399872ad3346031a4738b54f60730f5_icgraph.pdf>
<class_record_ad399872ad3346031a4738b54f60730f5_icgraph.pdf, id=1038, 541.02126
pt x 100.375pt>
File: class_record_ad399872ad3346031a4738b54f60730f5_icgraph.pdf Graphic file (
type pdf)
<use class_record_ad399872ad3346031a4738b54f60730f5_icgraph.pdf>
Package pdftex.def Info: class_record_ad399872ad3346031a4738b54f60730f5_icgraph
.pdf  used on input line 81.
(pdftex.def)             Requested size: 350.0pt x 64.93665pt.
 [23]) [24]
Chapter 4.
(./_block_8h.tex <./_block_8h__incl.pdf>
<_block_8h__incl.pdf, id=1059, 419.5675pt x 212.795pt>
File: _block_8h__incl.pdf Graphic file (type pdf)
<use _block_8h__incl.pdf>
Package pdftex.def Info: _block_8h__incl.pdf  used on input line 14.
(pdftex.def)             Requested size: 350.0pt x 177.51271pt.
 <./_block_8h__dep__incl.pdf>
<_block_8h__dep__incl.pdf, id=1067, 347.2975pt x 269.005pt>
File: _block_8h__dep__incl.pdf Graphic file (type pdf)
<use _block_8h__dep__incl.pdf>
Package pdftex.def Info: _block_8h__dep__incl.pdf  used on input line 22.
(pdftex.def)             Requested size: 346.0pt x 268.01099pt.
 [25

])
(./_block_8h_source.tex [26] [27]) (./_block_buffer_8cpp.tex <./_block_buffer_8
cpp__incl.pdf>
<_block_buffer_8cpp__incl.pdf, id=1148, 490.83376pt x 325.215pt>
File: _block_buffer_8cpp__incl.pdf Graphic file (type pdf)
<use _block_buffer_8cpp__incl.pdf>
Package pdftex.def Info: _block_buffer_8cpp__incl.pdf  used on input line 13.
(pdftex.def)             Requested size: 350.0pt x 231.90666pt.
) (./_block_buffer_8h.tex <./_block_buffer_8h__incl.pdf>
<_block_buffer_8h__incl.pdf, id=1156, 427.5975pt x 269.005pt>
File: _block_buffer_8h__incl.pdf Graphic file (type pdf)
<use _block_buffer_8h__incl.pdf>
Package pdftex.def Info: _block_buffer_8h__incl.pdf  used on input line 11.
(pdftex.def)             Requested size: 350.0pt x 220.18736pt.
 [28] <./_block_buffer_8h__dep__incl.pdf>
<_block_buffer_8h__dep__incl.pdf, id=1170, 321.2pt x 212.795pt>
File: _block_buffer_8h__dep__incl.pdf Graphic file (type pdf)
<use _block_buffer_8h__dep__incl.pdf>
Package pdftex.def Info: _block_buffer_8h__dep__incl.pdf  used on input line 19
.
(pdftex.def)             Requested size: 320.0pt x 212.00543pt.
) (./_block_buffer_8h_source.tex [29])
(./_b_plus_tree_8cpp.tex <./_b_plus_tree_8cpp__incl.pdf>
<_b_plus_tree_8cpp__incl.pdf, id=1204, 529.98pt x 381.425pt>
File: _b_plus_tree_8cpp__incl.pdf Graphic file (type pdf)
<use _b_plus_tree_8cpp__incl.pdf>
Package pdftex.def Info: _b_plus_tree_8cpp__incl.pdf  used on input line 12.
(pdftex.def)             Requested size: 350.0pt x 251.8984pt.
)
(./_b_plus_tree_8h.tex <./_b_plus_tree_8h__incl.pdf>
<_b_plus_tree_8h__incl.pdf, id=1212, 425.59pt x 325.215pt>
File: _b_plus_tree_8h__incl.pdf Graphic file (type pdf)
<use _b_plus_tree_8h__incl.pdf>
Package pdftex.def Info: _b_plus_tree_8h__incl.pdf  used on input line 12.
(pdftex.def)             Requested size: 350.0pt x 267.46704pt.
 [30] <./_b_plus_tree_8h__dep__incl.pdf>
<_b_plus_tree_8h__dep__incl.pdf, id=1226, 234.8775pt x 156.585pt>
File: _b_plus_tree_8h__dep__incl.pdf Graphic file (type pdf)
<use _b_plus_tree_8h__dep__incl.pdf>
Package pdftex.def Info: _b_plus_tree_8h__dep__incl.pdf  used on input line 20.

(pdftex.def)             Requested size: 234.0pt x 155.99922pt.
) (./_b_plus_tree_8h_source.tex [31]) (./_buffer_8cpp.tex <./_buffer_8cpp__incl
.pdf>
<_buffer_8cpp__incl.pdf, id=1271, 228.855pt x 212.795pt>
File: _buffer_8cpp__incl.pdf Graphic file (type pdf)
<use _buffer_8cpp__incl.pdf>
Package pdftex.def Info: _buffer_8cpp__incl.pdf  used on input line 10.
(pdftex.def)             Requested size: 228.0pt x 212.00868pt.
) (./_buffer_8h.tex <./_buffer_8h__incl.pdf>
<_buffer_8h__incl.pdf, id=1279, 188.705pt x 156.585pt>
File: _buffer_8h__incl.pdf Graphic file (type pdf)
<use _buffer_8h__incl.pdf>
Package pdftex.def Info: _buffer_8h__incl.pdf  used on input line 10.
(pdftex.def)             Requested size: 188.0pt x 155.99922pt.
 [32] <./_buffer_8h__dep__incl.pdf>
<_buffer_8h__dep__incl.pdf, id=1294, 413.545pt x 325.215pt>
File: _buffer_8h__dep__incl.pdf Graphic file (type pdf)
<use _buffer_8h__dep__incl.pdf>
Package pdftex.def Info: _buffer_8h__dep__incl.pdf  used on input line 18.
(pdftex.def)             Requested size: 350.0pt x 275.24805pt.
) (./_buffer_8h_source.tex [33]) (./main_8cpp.tex <./main_8cpp__incl.pdf>
<main_8cpp__incl.pdf, id=1320, 585.18625pt x 381.425pt>
File: main_8cpp__incl.pdf Graphic file (type pdf)
<use main_8cpp__incl.pdf>
Package pdftex.def Info: main_8cpp__incl.pdf  used on input line 17.
(pdftex.def)             Requested size: 350.0pt x 228.14088pt.
 [34]
Underfull \hbox (badness 10000) detected at line 55
[][][]
 []

 <./main_8cpp_af24f251209bfddecf22c16b78504f440_icgraph.pdf>
<main_8cpp_af24f251209bfddecf22c16b78504f440_icgraph.pdf, id=1345, 226.8475pt x
 100.375pt>
File: main_8cpp_af24f251209bfddecf22c16b78504f440_icgraph.pdf Graphic file (typ
e pdf)
<use main_8cpp_af24f251209bfddecf22c16b78504f440_icgraph.pdf>
Package pdftex.def Info: main_8cpp_af24f251209bfddecf22c16b78504f440_icgraph.pd
f  used on input line 63.
(pdftex.def)             Requested size: 226.0pt x 100.00102pt.
 [35] <./main_8cpp_a31997b301690ede4286dbc57baf7ceda_icgraph.pdf>
<main_8cpp_a31997b301690ede4286dbc57baf7ceda_icgraph.pdf, id=1371, 224.84pt x 1
00.375pt>
File: main_8cpp_a31997b301690ede4286dbc57baf7ceda_icgraph.pdf Graphic file (typ
e pdf)
<use main_8cpp_a31997b301690ede4286dbc57baf7ceda_icgraph.pdf>
Package pdftex.def Info: main_8cpp_a31997b301690ede4286dbc57baf7ceda_icgraph.pd
f  used on input line 88.
(pdftex.def)             Requested size: 224.0pt x 100.00409pt.
 <./main_8cpp_ab1aff2e21bc4f5c9d7e3a8b9ac6d2539_icgraph.pdf>
<main_8cpp_ab1aff2e21bc4f5c9d7e3a8b9ac6d2539_icgraph.pdf, id=1383, 231.86626pt 
x 100.375pt>
File: main_8cpp_ab1aff2e21bc4f5c9d7e3a8b9ac6d2539_icgraph.pdf Graphic file (typ
e pdf)
<use main_8cpp_ab1aff2e21bc4f5c9d7e3a8b9ac6d2539_icgraph.pdf>
Package pdftex.def Info: main_8cpp_ab1aff2e21bc4f5c9d7e3a8b9ac6d2539_icgraph.pd
f  used on input line 113.
(pdftex.def)             Requested size: 231.0pt x 100.00255pt.
 [36]
Underfull \hbox (badness 10000) detected at line 141
[][][]
 []

 <./main_8cpp_a0ddf1224851353fc92bfbff6f499fa97_cgraph.pdf>
<main_8cpp_a0ddf1224851353fc92bfbff6f499fa97_cgraph.pdf, id=1402, 713.66624pt x
 404.51125pt>
File: main_8cpp_a0ddf1224851353fc92bfbff6f499fa97_cgraph.pdf Graphic file (type
 pdf)
<use main_8cpp_a0ddf1224851353fc92bfbff6f499fa97_cgraph.pdf>
Package pdftex.def Info: main_8cpp_a0ddf1224851353fc92bfbff6f499fa97_cgraph.pdf
  used on input line 161.
(pdftex.def)             Requested size: 350.0pt x 198.37889pt.

Underfull \hbox (badness 10000) detected at line 181
[][][]
 []

 <./main_8cpp_a5bea49b50ae035ca212ecd706ae082c5_icgraph.pdf>
<main_8cpp_a5bea49b50ae035ca212ecd706ae082c5_icgraph.pdf, id=1410, 209.78375pt 
x 100.375pt>
File: main_8cpp_a5bea49b50ae035ca212ecd706ae082c5_icgraph.pdf Graphic file (typ
e pdf)
<use main_8cpp_a5bea49b50ae035ca212ecd706ae082c5_icgraph.pdf>
Package pdftex.def Info: main_8cpp_a5bea49b50ae035ca212ecd706ae082c5_icgraph.pd
f  used on input line 189.
(pdftex.def)             Requested size: 209.0pt x 99.9995pt.
) (./_record_8h.tex [37] <./_record_8h__incl.pdf>
<_record_8h__incl.pdf, id=1428, 190.7125pt x 156.585pt>
File: _record_8h__incl.pdf Graphic file (type pdf)
<use _record_8h__incl.pdf>
Package pdftex.def Info: _record_8h__incl.pdf  used on input line 10.
(pdftex.def)             Requested size: 190.0pt x 156.0064pt.
 <./_record_8h__dep__incl.pdf>
<_record_8h__dep__incl.pdf, id=1436, 366.36874pt x 325.215pt>
File: _record_8h__dep__incl.pdf Graphic file (type pdf)
<use _record_8h__dep__incl.pdf>
Package pdftex.def Info: _record_8h__dep__incl.pdf  used on input line 18.
(pdftex.def)             Requested size: 350.0pt x 310.70421pt.
 [38])
(./_record_8h_source.tex [39]) [40] (./refman.ind
LaTeX Font Info:    Font shape `T1/phv/m/n' will be
(Font)              scaled to size 22.39185pt on input line 1.
 [41



] [42

]) (./refman.aux)
Package rerunfilecheck Info: File `refman.out' has not changed.
(rerunfilecheck)             Checksum: AD66A3C824B2B2F58C21D8A19B60F60D;16860.
 ) 
Here is how much of TeX's memory you used:
 18771 strings out of 480247
 318680 string characters out of 5896151
 612614 words of memory out of 5000000
 36046 multiletter control sequences out of 15000+600000
 525857 words of font info for 98 fonts, out of 8000000 for 9000
 14 hyphenation exceptions out of 8191
 99i,16n,117p,687b,633s stack positions out of 5000i,500n,10000p,200000b,80000s
{/usr/share/texlive/texmf-dist/fonts/enc/dvips/base/8r.enc}</usr/share/texliv
e/texmf-dist/fonts/type1/public/amsfonts/cm/cmmi10.pfb></usr/share/texlive/texm
f-dist/fonts/type1/public/amsfonts/cm/cmmi8.pfb></usr/share/texlive/texmf-dist/
fonts/type1/public/amsfonts/cm/cmsy10.pfb></usr/share/texlive/texmf-dist/fonts/
type1/public/amsfonts/cm/cmsy7.pfb></usr/share/texlive/texmf-dist/fonts/type1/p
ublic/amsfonts/cm/cmsy8.pfb></usr/share/texlive/texmf-dist/fonts/type1/urw/cour
ier/ucrb8a.pfb></usr/share/texlive/texmf-dist/fonts/type1/urw/courier/ucrr8a.pf
b></usr/share/texlive/texmf-dist/fonts/type1/urw/courier/ucrro8a.pfb></usr/shar
e/texlive/texmf-dist/fonts/type1/urw/helvetic/uhvb8a.pfb></usr/share/texlive/te
xmf-dist/fonts/type1/urw/helvetic/uhvb8ac.pfb></usr/share/texlive/texmf-dist/fo
nts/type1/urw/helvetic/uhvr8a.pfb></usr/share/texlive/texmf-dist/fonts/type1/ur
w/helvetic/uhvro8a.pfb>
Output written on refman.pdf (48 pages, 806827 bytes).
PDF statistics:
 1721 PDF objects out of 1728 (max. 8388607)
 1481 compressed objects within 15 object streams
 297 named destinations out of 1000 (max. 500000)
 944 words of extra memory for PDF output out of 10000 (max. 10000000)

